connection open: 1
string(5) "savio"
int(5)
int(3)
array(2) {
  ["grid"]=>
  array(8) {
    ["4,2"]=>
    array(3) {
      ["row"]=>
      int(4)
      ["col"]=>
      int(2)
      ["state"]=>
      string(4) "dead"
    }
    ["4,3"]=>
    array(3) {
      ["row"]=>
      int(4)
      ["col"]=>
      int(3)
      ["state"]=>
      string(5) "alive"
    }
    ["4,4"]=>
    array(3) {
      ["row"]=>
      int(4)
      ["col"]=>
      int(4)
      ["state"]=>
      string(4) "dead"
    }
    ["5,2"]=>
    array(3) {
      ["row"]=>
      int(5)
      ["col"]=>
      int(2)
      ["state"]=>
      string(4) "dead"
    }
    ["5,4"]=>
    array(3) {
      ["row"]=>
      int(5)
      ["col"]=>
      int(4)
      ["state"]=>
      string(4) "dead"
    }
    ["6,2"]=>
    array(3) {
      ["row"]=>
      int(6)
      ["col"]=>
      int(2)
      ["state"]=>
      string(4) "dead"
    }
    ["6,3"]=>
    array(3) {
      ["row"]=>
      int(6)
      ["col"]=>
      int(3)
      ["state"]=>
      string(4) "dead"
    }
    ["6,4"]=>
    array(3) {
      ["row"]=>
      int(6)
      ["col"]=>
      int(4)
      ["state"]=>
      string(4) "dead"
    }
  }
  ["alive"]=>
  int(1)
}
string(5) "savio"
int(3)
int(3)
array(2) {
  ["grid"]=>
  array(8) {
    ["2,2"]=>
    array(3) {
      ["row"]=>
      int(2)
      ["col"]=>
      int(2)
      ["state"]=>
      string(4) "dead"
    }
    ["2,3"]=>
    array(3) {
      ["row"]=>
      int(2)
      ["col"]=>
      int(3)
      ["state"]=>
      string(4) "dead"
    }
    ["2,4"]=>
    array(3) {
      ["row"]=>
      int(2)
      ["col"]=>
      int(4)
      ["state"]=>
      string(4) "dead"
    }
    ["3,2"]=>
    array(3) {
      ["row"]=>
      int(3)
      ["col"]=>
      int(2)
      ["state"]=>
      string(4) "dead"
    }
    ["3,4"]=>
    array(3) {
      ["row"]=>
      int(3)
      ["col"]=>
      int(4)
      ["state"]=>
      string(4) "dead"
    }
    ["4,2"]=>
    array(3) {
      ["row"]=>
      int(4)
      ["col"]=>
      int(2)
      ["state"]=>
      string(4) "dead"
    }
    ["4,3"]=>
    array(3) {
      ["row"]=>
      int(4)
      ["col"]=>
      int(3)
      ["state"]=>
      string(5) "alive"
    }
    ["4,4"]=>
    array(3) {
      ["row"]=>
      int(4)
      ["col"]=>
      int(4)
      ["state"]=>
      string(4) "dead"
    }
  }
  ["alive"]=>
  int(1)
}
string(5) "savio"
int(4)
int(4)
array(2) {
  ["grid"]=>
  array(8) {
    ["3,3"]=>
    array(3) {
      ["row"]=>
      int(3)
      ["col"]=>
      int(3)
      ["state"]=>
      string(4) "dead"
    }
    ["3,4"]=>
    array(3) {
      ["row"]=>
      int(3)
      ["col"]=>
      int(4)
      ["state"]=>
      string(4) "dead"
    }
    ["3,5"]=>
    array(3) {
      ["row"]=>
      int(3)
      ["col"]=>
      int(5)
      ["state"]=>
      string(4) "dead"
    }
    ["4,3"]=>
    array(3) {
      ["row"]=>
      int(4)
      ["col"]=>
      int(3)
      ["state"]=>
      string(5) "alive"
    }
    ["4,5"]=>
    array(3) {
      ["row"]=>
      int(4)
      ["col"]=>
      int(5)
      ["state"]=>
      string(4) "dead"
    }
    ["5,3"]=>
    array(3) {
      ["row"]=>
      int(5)
      ["col"]=>
      int(3)
      ["state"]=>
      string(4) "dead"
    }
    ["5,4"]=>
    array(3) {
      ["row"]=>
      int(5)
      ["col"]=>
      int(4)
      ["state"]=>
      string(4) "dead"
    }
    ["5,5"]=>
    array(3) {
      ["row"]=>
      int(5)
      ["col"]=>
      int(5)
      ["state"]=>
      string(4) "dead"
    }
  }
  ["alive"]=>
  int(1)
}
string(5) "savio"
int(4)
int(2)
array(2) {
  ["grid"]=>
  array(8) {
    ["3,1"]=>
    array(3) {
      ["row"]=>
      int(3)
      ["col"]=>
      int(1)
      ["state"]=>
      string(4) "dead"
    }
    ["3,2"]=>
    array(3) {
      ["row"]=>
      int(3)
      ["col"]=>
      int(2)
      ["state"]=>
      string(4) "dead"
    }
    ["3,3"]=>
    array(3) {
      ["row"]=>
      int(3)
      ["col"]=>
      int(3)
      ["state"]=>
      string(4) "dead"
    }
    ["4,1"]=>
    array(3) {
      ["row"]=>
      int(4)
      ["col"]=>
      int(1)
      ["state"]=>
      string(4) "dead"
    }
    ["4,3"]=>
    array(3) {
      ["row"]=>
      int(4)
      ["col"]=>
      int(3)
      ["state"]=>
      string(5) "alive"
    }
    ["5,1"]=>
    array(3) {
      ["row"]=>
      int(5)
      ["col"]=>
      int(1)
      ["state"]=>
      string(4) "dead"
    }
    ["5,2"]=>
    array(3) {
      ["row"]=>
      int(5)
      ["col"]=>
      int(2)
      ["state"]=>
      string(4) "dead"
    }
    ["5,3"]=>
    array(3) {
      ["row"]=>
      int(5)
      ["col"]=>
      int(3)
      ["state"]=>
      string(4) "dead"
    }
  }
  ["alive"]=>
  int(1)
}
string(5) "savio"
int(5)
int(3)
array(2) {
  ["grid"]=>
  array(8) {
    ["4,2"]=>
    array(3) {
      ["row"]=>
      int(4)
      ["col"]=>
      int(2)
      ["state"]=>
      string(4) "dead"
    }
    ["4,3"]=>
    array(3) {
      ["row"]=>
      int(4)
      ["col"]=>
      int(3)
      ["state"]=>
      string(5) "alive"
    }
    ["4,4"]=>
    array(3) {
      ["row"]=>
      int(4)
      ["col"]=>
      int(4)
      ["state"]=>
      string(4) "dead"
    }
    ["5,2"]=>
    array(3) {
      ["row"]=>
      int(5)
      ["col"]=>
      int(2)
      ["state"]=>
      string(4) "dead"
    }
    ["5,4"]=>
    array(3) {
      ["row"]=>
      int(5)
      ["col"]=>
      int(4)
      ["state"]=>
      string(4) "dead"
    }
    ["6,2"]=>
    array(3) {
      ["row"]=>
      int(6)
      ["col"]=>
      int(2)
      ["state"]=>
      string(4) "dead"
    }
    ["6,3"]=>
    array(3) {
      ["row"]=>
      int(6)
      ["col"]=>
      int(3)
      ["state"]=>
      string(4) "dead"
    }
    ["6,4"]=>
    array(3) {
      ["row"]=>
      int(6)
      ["col"]=>
      int(4)
      ["state"]=>
      string(4) "dead"
    }
  }
  ["alive"]=>
  int(1)
}
string(5) "savio"
int(3)
int(3)
array(2) {
  ["grid"]=>
  array(8) {
    ["2,2"]=>
    array(3) {
      ["row"]=>
      int(2)
      ["col"]=>
      int(2)
      ["state"]=>
      string(4) "dead"
    }
    ["2,3"]=>
    array(3) {
      ["row"]=>
      int(2)
      ["col"]=>
      int(3)
      ["state"]=>
      string(4) "dead"
    }
    ["2,4"]=>
    array(3) {
      ["row"]=>
      int(2)
      ["col"]=>
      int(4)
      ["state"]=>
      string(4) "dead"
    }
    ["3,2"]=>
    array(3) {
      ["row"]=>
      int(3)
      ["col"]=>
      int(2)
      ["state"]=>
      string(4) "dead"
    }
    ["3,4"]=>
    array(3) {
      ["row"]=>
      int(3)
      ["col"]=>
      int(4)
      ["state"]=>
      string(4) "dead"
    }
    ["4,2"]=>
    array(3) {
      ["row"]=>
      int(4)
      ["col"]=>
      int(2)
      ["state"]=>
      string(4) "dead"
    }
    ["4,3"]=>
    array(3) {
      ["row"]=>
      int(4)
      ["col"]=>
      int(3)
      ["state"]=>
      string(5) "alive"
    }
    ["4,4"]=>
    array(3) {
      ["row"]=>
      int(4)
      ["col"]=>
      int(4)
      ["state"]=>
      string(4) "dead"
    }
  }
  ["alive"]=>
  int(1)
}
string(5) "savio"
int(4)
int(4)
array(2) {
  ["grid"]=>
  array(8) {
    ["3,3"]=>
    array(3) {
      ["row"]=>
      int(3)
      ["col"]=>
      int(3)
      ["state"]=>
      string(4) "dead"
    }
    ["3,4"]=>
    array(3) {
      ["row"]=>
      int(3)
      ["col"]=>
      int(4)
      ["state"]=>
      string(4) "dead"
    }
    ["3,5"]=>
    array(3) {
      ["row"]=>
      int(3)
      ["col"]=>
      int(5)
      ["state"]=>
      string(4) "dead"
    }
    ["4,3"]=>
    array(3) {
      ["row"]=>
      int(4)
      ["col"]=>
      int(3)
      ["state"]=>
      string(5) "alive"
    }
    ["4,5"]=>
    array(3) {
      ["row"]=>
      int(4)
      ["col"]=>
      int(5)
      ["state"]=>
      string(4) "dead"
    }
    ["5,3"]=>
    array(3) {
      ["row"]=>
      int(5)
      ["col"]=>
      int(3)
      ["state"]=>
      string(4) "dead"
    }
    ["5,4"]=>
    array(3) {
      ["row"]=>
      int(5)
      ["col"]=>
      int(4)
      ["state"]=>
      string(4) "dead"
    }
    ["5,5"]=>
    array(3) {
      ["row"]=>
      int(5)
      ["col"]=>
      int(5)
      ["state"]=>
      string(4) "dead"
    }
  }
  ["alive"]=>
  int(1)
}
string(5) "savio"
int(4)
int(2)
array(2) {
  ["grid"]=>
  array(8) {
    ["3,1"]=>
    array(3) {
      ["row"]=>
      int(3)
      ["col"]=>
      int(1)
      ["state"]=>
      string(4) "dead"
    }
    ["3,2"]=>
    array(3) {
      ["row"]=>
      int(3)
      ["col"]=>
      int(2)
      ["state"]=>
      string(4) "dead"
    }
    ["3,3"]=>
    array(3) {
      ["row"]=>
      int(3)
      ["col"]=>
      int(3)
      ["state"]=>
      string(4) "dead"
    }
    ["4,1"]=>
    array(3) {
      ["row"]=>
      int(4)
      ["col"]=>
      int(1)
      ["state"]=>
      string(4) "dead"
    }
    ["4,3"]=>
    array(3) {
      ["row"]=>
      int(4)
      ["col"]=>
      int(3)
      ["state"]=>
      string(5) "alive"
    }
    ["5,1"]=>
    array(3) {
      ["row"]=>
      int(5)
      ["col"]=>
      int(1)
      ["state"]=>
      string(4) "dead"
    }
    ["5,2"]=>
    array(3) {
      ["row"]=>
      int(5)
      ["col"]=>
      int(2)
      ["state"]=>
      string(4) "dead"
    }
    ["5,3"]=>
    array(3) {
      ["row"]=>
      int(5)
      ["col"]=>
      int(3)
      ["state"]=>
      string(4) "dead"
    }
  }
  ["alive"]=>
  int(1)
}
Swoole WebSocket Server is started at http://127.0.0.1:8181
connection open: 1
Swoole WebSocket Server is started at http://127.0.0.1:8181
connection open: 1
Connection close: 1
connection open: 2
